D:\资料文档\手动\USBDEPTHCHECK\DEBUG\USBDEPTHCHECK.DLL
D:\资料文档\手动\USBDepthCheck\Debug\USBDepthCheck.exp
D:\资料文档\手动\USBDEPTHCHECK\DEBUG\USBDEPTHCHECK.ILK
D:\资料文档\手动\USBDepthCheck\Debug\USBDepthCheck.lib
D:\资料文档\手动\USBDEPTHCHECK\DEBUG\USBDEPTHCHECK.PDB
D:\资料文档\手动\USBDepthCheck\USBDepthCheck\Debug\cl.command.1.tlog
D:\资料文档\手动\USBDepthCheck\USBDepthCheck\Debug\CL.read.1.tlog
D:\资料文档\手动\USBDepthCheck\USBDepthCheck\Debug\CL.write.1.tlog
D:\资料文档\手动\USBDEPTHCHECK\USBDEPTHCHECK\DEBUG\DLLMAIN.OBJ
D:\资料文档\手动\USBDEPTHCHECK\USBDEPTHCHECK\DEBUG\EXCEPTION.OBJ
D:\资料文档\手动\USBDEPTHCHECK\USBDEPTHCHECK\DEBUG\FUNCS.OBJ
D:\资料文档\手动\USBDepthCheck\USBDepthCheck\Debug\link.6372.read.1.tlog
D:\资料文档\手动\USBDepthCheck\USBDepthCheck\Debug\link.6372.write.1.tlog
D:\资料文档\手动\USBDepthCheck\USBDepthCheck\Debug\link.6372-cvtres.read.1.tlog
D:\资料文档\手动\USBDepthCheck\USBDepthCheck\Debug\link.6372-cvtres.write.1.tlog
D:\资料文档\手动\USBDepthCheck\USBDepthCheck\Debug\link.command.1.tlog
D:\资料文档\手动\USBDepthCheck\USBDepthCheck\Debug\link.read.1.tlog
D:\资料文档\手动\USBDepthCheck\USBDepthCheck\Debug\link.write.1.tlog
D:\资料文档\手动\USBDepthCheck\USBDepthCheck\Debug\link-cvtres.read.1.tlog
D:\资料文档\手动\USBDepthCheck\USBDepthCheck\Debug\link-cvtres.write.1.tlog
D:\资料文档\手动\USBDepthCheck\USBDepthCheck\Debug\mt.command.1.tlog
D:\资料文档\手动\USBDepthCheck\USBDepthCheck\Debug\mt.read.1.tlog
D:\资料文档\手动\USBDepthCheck\USBDepthCheck\Debug\mt.write.1.tlog
D:\资料文档\手动\USBDepthCheck\USBDepthCheck\Debug\rc.command.1.tlog
D:\资料文档\手动\USBDepthCheck\USBDepthCheck\Debug\rc.read.1.tlog
D:\资料文档\手动\USBDepthCheck\USBDepthCheck\Debug\rc.write.1.tlog
D:\资料文档\手动\USBDEPTHCHECK\USBDEPTHCHECK\DEBUG\STDAFX.OBJ
D:\资料文档\手动\USBDEPTHCHECK\USBDEPTHCHECK\DEBUG\USBCHECK.OBJ
D:\资料文档\手动\USBDEPTHCHECK\USBDEPTHCHECK\DEBUG\USBDEPTHCHECK.DLL.EMBED.MANIFEST
D:\资料文档\手动\USBDEPTHCHECK\USBDEPTHCHECK\DEBUG\USBDEPTHCHECK.DLL.EMBED.MANIFEST.RES
D:\资料文档\手动\USBDEPTHCHECK\USBDEPTHCHECK\DEBUG\USBDEPTHCHECK.DLL.INTERMEDIATE.MANIFEST
D:\资料文档\手动\USBDEPTHCHECK\USBDEPTHCHECK\DEBUG\USBDEPTHCHECK.OBJ
D:\资料文档\手动\USBDEPTHCHECK\USBDEPTHCHECK\DEBUG\USBDEPTHCHECK.PCH
D:\资料文档\手动\USBDepthCheck\USBDepthCheck\Debug\USBDepthCheck.vcxprojResolveAssemblyReference.cache
D:\资料文档\手动\USBDepthCheck\USBDepthCheck\Debug\USBDepthCheck.write.1.tlog
D:\资料文档\手动\USBDepthCheck\USBDepthCheck\Debug\USBDepthCheck_manifest.rc
D:\资料文档\手动\USBDepthCheck\USBDepthCheck\Debug\vc100.idb
D:\资料文档\手动\USBDEPTHCHECK\USBDEPTHCHECK\DEBUG\VC100.PDB
