生成启动时间为 2018/4/25 19:06:16。
     1>项目“D:\资料文档\手动\USBDepthCheck\USBDepthCheck\USBDepthCheck.vcxproj”在节点 2 上(rebuild 个目标)。
     1>_PrepareForClean:
         正在删除文件“Debug\USBDepthCheck.lastbuildstate”。
       InitializeBuildStatus:
         正在创建“Debug\USBDepthCheck.unsuccessfulbuild”，因为已指定“AlwaysCreate”。
       ClCompile:
         D:\vs2010\VC\bin\CL.exe /c /ZI /nologo /W3 /WX- /Od /Oy- /D WIN32 /D _DEBUG /D _WINDOWS /D _USRDLL /D USBDEPTHCHECK_EXPORTS /D _WINDLL /D _MBCS /Gm /EHsc /RTC1 /MDd /GS /fp:precise /Zc:wchar_t /Zc:forScope /Yc"StdAfx.h" /Fp"Debug\USBDepthCheck.pch" /Fo"Debug\\" /Fd"Debug\vc100.pdb" /Gd /TP /analyze- /errorReport:prompt stdafx.cpp
         stdafx.cpp
         D:\vs2010\VC\bin\CL.exe /c /ZI /nologo /W3 /WX- /Od /Oy- /D WIN32 /D _DEBUG /D _WINDOWS /D _USRDLL /D USBDEPTHCHECK_EXPORTS /D _WINDLL /D _MBCS /Gm /EHsc /RTC1 /MDd /GS /fp:precise /Zc:wchar_t /Zc:forScope /Yu"StdAfx.h" /Fp"Debug\USBDepthCheck.pch" /Fo"Debug\\" /Fd"Debug\vc100.pdb" /Gd /TP /analyze- /errorReport:prompt ..\Common\Exception.cpp ..\Common\Funcs.cpp UsbCheck.cpp USBDepthCheck.cpp
         USBDepthCheck.cpp
         UsbCheck.cpp
         Funcs.cpp
         Exception.cpp
         正在生成代码...
         D:\vs2010\VC\bin\CL.exe /c /ZI /nologo /W3 /WX- /Od /Oy- /D WIN32 /D _DEBUG /D _WINDOWS /D _USRDLL /D USBDEPTHCHECK_EXPORTS /D _WINDLL /D _MBCS /Gm /EHsc /RTC1 /MDd /GS /fp:precise /Zc:wchar_t /Zc:forScope /Fo"Debug\\" /Fd"Debug\vc100.pdb" /Gd /TP /analyze- /errorReport:prompt dllmain.cpp
         dllmain.cpp
       ManifestResourceCompile:
         C:\Program Files (x86)\Microsoft SDKs\Windows\v7.0A\bin\rc.exe /nologo /fo"Debug\USBDepthCheck.dll.embed.manifest.res" Debug\USBDepthCheck_manifest.rc 
       Link:
         D:\vs2010\VC\bin\link.exe /ERRORREPORT:PROMPT /OUT:"D:\资料文档\手动\USBDepthCheck\Debug\USBDepthCheck.dll" /INCREMENTAL /NOLOGO kernel32.lib user32.lib gdi32.lib winspool.lib comdlg32.lib advapi32.lib shell32.lib ole32.lib oleaut32.lib uuid.lib odbc32.lib odbccp32.lib /MANIFEST /ManifestFile:"Debug\USBDepthCheck.dll.intermediate.manifest" /MANIFESTUAC:"level='asInvoker' uiAccess='false'" /DEBUG /PDB:"D:\资料文档\手动\USBDepthCheck\Debug\USBDepthCheck.pdb" /SUBSYSTEM:WINDOWS /TLBID:1 /DYNAMICBASE /NXCOMPAT /IMPLIB:"D:\资料文档\手动\USBDepthCheck\Debug\USBDepthCheck.lib" /MACHINE:X86 /DLL Debug\USBDepthCheck.dll.embed.manifest.res
         Debug\Exception.obj
         Debug\Funcs.obj
         Debug\dllmain.obj
         Debug\stdafx.obj
         Debug\UsbCheck.obj
         Debug\USBDepthCheck.obj
            正在创建库 D:\资料文档\手动\USBDepthCheck\Debug\USBDepthCheck.lib 和对象 D:\资料文档\手动\USBDepthCheck\Debug\USBDepthCheck.exp
       Manifest:
         正在删除文件“Debug\USBDepthCheck.dll.embed.manifest”。
         C:\Program Files (x86)\Microsoft SDKs\Windows\v7.0A\bin\mt.exe /nologo /verbose /out:"Debug\USBDepthCheck.dll.embed.manifest" /manifest Debug\USBDepthCheck.dll.intermediate.manifest
         C:\Program Files (x86)\Microsoft SDKs\Windows\v7.0A\bin\rc.exe /nologo /fo"Debug\USBDepthCheck.dll.embed.manifest.res" Debug\USBDepthCheck_manifest.rc 
       LinkEmbedManifest:
         D:\vs2010\VC\bin\link.exe /ERRORREPORT:PROMPT /OUT:"D:\资料文档\手动\USBDepthCheck\Debug\USBDepthCheck.dll" /INCREMENTAL /NOLOGO kernel32.lib user32.lib gdi32.lib winspool.lib comdlg32.lib advapi32.lib shell32.lib ole32.lib oleaut32.lib uuid.lib odbc32.lib odbccp32.lib /MANIFEST /ManifestFile:"Debug\USBDepthCheck.dll.intermediate.manifest" /MANIFESTUAC:"level='asInvoker' uiAccess='false'" /DEBUG /PDB:"D:\资料文档\手动\USBDepthCheck\Debug\USBDepthCheck.pdb" /SUBSYSTEM:WINDOWS /TLBID:1 /DYNAMICBASE /NXCOMPAT /IMPLIB:"D:\资料文档\手动\USBDepthCheck\Debug\USBDepthCheck.lib" /MACHINE:X86 /DLL Debug\USBDepthCheck.dll.embed.manifest.res
         Debug\Exception.obj
         Debug\Funcs.obj
         Debug\dllmain.obj
         Debug\stdafx.obj
         Debug\UsbCheck.obj
         Debug\USBDepthCheck.obj
            正在创建库 D:\资料文档\手动\USBDepthCheck\Debug\USBDepthCheck.lib 和对象 D:\资料文档\手动\USBDepthCheck\Debug\USBDepthCheck.exp
         USBDepthCheck.vcxproj -> D:\资料文档\手动\USBDepthCheck\Debug\USBDepthCheck.dll
       FinalizeBuildStatus:
         正在删除文件“Debug\USBDepthCheck.unsuccessfulbuild”。
         正在对“Debug\USBDepthCheck.lastbuildstate”执行 Touch 任务。
     1>已完成生成项目“D:\资料文档\手动\USBDepthCheck\USBDepthCheck\USBDepthCheck.vcxproj”(rebuild 个目标)的操作。

生成成功。

已用时间 00:00:03.94
