生成启动时间为 2018/1/17 16:27:31。
     1>项目“E:\yangsongUSB\USBDepthCheck\USBDepthCheck\USBDepthCheck.vcxproj”在节点 2 上(rebuild 个目标)。
     1>_PrepareForClean:
         正在删除文件“Release\USBDepthCheck.lastbuildstate”。
       InitializeBuildStatus:
         正在创建“Release\USBDepthCheck.unsuccessfulbuild”，因为已指定“AlwaysCreate”。
       ClCompile:
         C:\Program Files (x86)\Microsoft Visual Studio 10.0\VC\bin\CL.exe /c /Zi /nologo /W3 /WX- /O2 /Oi /Oy- /GL /D WIN32 /D NDEBUG /D _WINDOWS /D _USRDLL /D USBDEPTHCHECK_EXPORTS /D _WINDLL /D _MBCS /Gm- /EHsc /MD /GS /Gy /fp:precise /Zc:wchar_t /Zc:forScope /Yc"StdAfx.h" /Fp"Release\USBDepthCheck.pch" /Fo"Release\\" /Fd"Release\vc100.pdb" /Gd /TP /analyze- /errorReport:prompt stdafx.cpp
         stdafx.cpp
         C:\Program Files (x86)\Microsoft Visual Studio 10.0\VC\bin\CL.exe /c /Zi /nologo /W3 /WX- /O2 /Oi /Oy- /GL /D WIN32 /D NDEBUG /D _WINDOWS /D _USRDLL /D USBDEPTHCHECK_EXPORTS /D _WINDLL /D _MBCS /Gm- /EHsc /MD /GS /Gy /fp:precise /Zc:wchar_t /Zc:forScope /Yu"StdAfx.h" /Fp"Release\USBDepthCheck.pch" /Fo"Release\\" /Fd"Release\vc100.pdb" /Gd /TP /analyze- /errorReport:prompt ..\Common\Exception.cpp ..\Common\Funcs.cpp UsbCheck.cpp USBDepthCheck.cpp
         Exception.cpp
         Funcs.cpp
         UsbCheck.cpp
         USBDepthCheck.cpp
         C:\Program Files (x86)\Microsoft Visual Studio 10.0\VC\bin\CL.exe /c /Zi /nologo /W3 /WX- /O2 /Oi /Oy- /GL /D WIN32 /D NDEBUG /D _WINDOWS /D _USRDLL /D USBDEPTHCHECK_EXPORTS /D _WINDLL /D _MBCS /Gm- /EHsc /MD /GS /Gy /fp:precise /Zc:wchar_t /Zc:forScope /Fo"Release\\" /Fd"Release\vc100.pdb" /Gd /TP /analyze- /errorReport:prompt dllmain.cpp
         dllmain.cpp
       Link:
         C:\Program Files (x86)\Microsoft Visual Studio 10.0\VC\bin\link.exe /ERRORREPORT:PROMPT /OUT:"E:\yangsongUSB\USBDepthCheck\Release\USBDepthCheck.dll" /INCREMENTAL:NO /NOLOGO kernel32.lib user32.lib gdi32.lib winspool.lib comdlg32.lib advapi32.lib shell32.lib ole32.lib oleaut32.lib uuid.lib odbc32.lib odbccp32.lib /MANIFEST /ManifestFile:"Release\USBDepthCheck.dll.intermediate.manifest" /MANIFESTUAC:"level='asInvoker' uiAccess='false'" /DEBUG /PDB:"E:\yangsongUSB\USBDepthCheck\Release\USBDepthCheck.pdb" /SUBSYSTEM:WINDOWS /OPT:REF /OPT:ICF /LTCG /TLBID:1 /DYNAMICBASE /NXCOMPAT /IMPLIB:"E:\yangsongUSB\USBDepthCheck\Release\USBDepthCheck.lib" /MACHINE:X86 /DLL Release\Exception.obj
         Release\Funcs.obj
         Release\dllmain.obj
         Release\stdafx.obj
         Release\UsbCheck.obj
         Release\USBDepthCheck.obj
            正在创建库 E:\yangsongUSB\USBDepthCheck\Release\USBDepthCheck.lib 和对象 E:\yangsongUSB\USBDepthCheck\Release\USBDepthCheck.exp
         正在生成代码
         已完成代码的生成
         USBDepthCheck.vcxproj -> E:\yangsongUSB\USBDepthCheck\Release\USBDepthCheck.dll
       Manifest:
         C:\Program Files (x86)\Microsoft SDKs\Windows\v7.0A\bin\mt.exe /nologo /verbose /outputresource:"E:\yangsongUSB\USBDepthCheck\Release\USBDepthCheck.dll;#2" /manifest Release\USBDepthCheck.dll.intermediate.manifest
       FinalizeBuildStatus:
         正在删除文件“Release\USBDepthCheck.unsuccessfulbuild”。
         正在对“Release\USBDepthCheck.lastbuildstate”执行 Touch 任务。
     1>已完成生成项目“E:\yangsongUSB\USBDepthCheck\USBDepthCheck\USBDepthCheck.vcxproj”(rebuild 个目标)的操作。

生成成功。

已用时间 00:00:07.93
