E:\YANGSONGUSB\USBDEPTHCHECK\RELEASE\USBDEPTHCHECK.DLL
E:\yangsongUSB\USBDepthCheck\Release\USBDepthCheck.exp
E:\yangsongUSB\USBDepthCheck\Release\USBDepthCheck.lib
E:\YANGSONGUSB\USBDEPTHCHECK\RELEASE\USBDEPTHCHECK.PDB
E:\yangsongUSB\USBDepthCheck\USBDepthCheck\Release\cl.command.1.tlog
E:\yangsongUSB\USBDepthCheck\USBDepthCheck\Release\CL.read.1.tlog
E:\yangsongUSB\USBDepthCheck\USBDepthCheck\Release\CL.write.1.tlog
E:\YANGSONGUSB\USBDEPTHCHECK\USBDEPTHCHECK\RELEASE\DLLMAIN.OBJ
E:\YANGSONGUSB\USBDEPTHCHECK\USBDEPTHCHECK\RELEASE\EXCEPTION.OBJ
E:\YANGSONGUSB\USBDEPTHCHECK\USBDEPTHCHECK\RELEASE\FUNCS.OBJ
E:\yangsongUSB\USBDepthCheck\USBDepthCheck\Release\link.command.1.tlog
E:\yangsongUSB\USBDepthCheck\USBDepthCheck\Release\link.read.1.tlog
E:\yangsongUSB\USBDepthCheck\USBDepthCheck\Release\link.write.1.tlog
E:\yangsongUSB\USBDepthCheck\USBDepthCheck\Release\mt.command.1.tlog
E:\yangsongUSB\USBDepthCheck\USBDepthCheck\Release\mt.read.1.tlog
E:\yangsongUSB\USBDepthCheck\USBDepthCheck\Release\mt.write.1.tlog
E:\YANGSONGUSB\USBDEPTHCHECK\USBDEPTHCHECK\RELEASE\STDAFX.OBJ
E:\YANGSONGUSB\USBDEPTHCHECK\USBDEPTHCHECK\RELEASE\USBCHECK.OBJ
E:\YANGSONGUSB\USBDEPTHCHECK\USBDEPTHCHECK\RELEASE\USBDEPTHCHECK.DLL.INTERMEDIATE.MANIFEST
E:\YANGSONGUSB\USBDEPTHCHECK\USBDEPTHCHECK\RELEASE\USBDEPTHCHECK.OBJ
E:\YANGSONGUSB\USBDEPTHCHECK\USBDEPTHCHECK\RELEASE\USBDEPTHCHECK.PCH
E:\yangsongUSB\USBDepthCheck\USBDepthCheck\Release\USBDepthCheck.write.1.tlog
E:\YANGSONGUSB\USBDEPTHCHECK\USBDEPTHCHECK\RELEASE\VC100.PDB
